<?xml version="1.0" encoding="UTF-8"?>
<!-- Generated by org.testng.reporters.JUnitReportReporter -->
<testsuite hostname="guwdasgamxpd01" failures="0" tests="2" name="org.orangeHrm.test.LoginTest" time="3.847" errors="0" timestamp="2024-04-29T11:19:31 GMT" skipped="0">
  <testcase classname="org.orangeHrm.test.LoginTest" name="LoginPageTest" time="1.673"/>
  <system-out/>
  <testcase classname="org.orangeHrm.test.LoginTest" name="LogoutTest" time="2.174"/>
  <system-out/>
</testsuite> <!-- org.orangeHrm.test.LoginTest -->
