<?xml version="1.0" encoding="UTF-8"?>
<!-- Generated by org.testng.reporters.JUnitReportReporter -->
<testsuite hostname="guwdasgamxpd01" failures="0" tests="2" name="org.orangeHrm.test.LoginTest" time="4.020" errors="0" timestamp="2024-04-29T17:12:17 GMT" skipped="0">
  <testcase classname="org.orangeHrm.test.LoginTest" name="LoginPageTest" time="1.741"/>
  <system-out/>
  <testcase classname="org.orangeHrm.test.LoginTest" name="LogoutTest" time="2.279"/>
  <system-out/>
</testsuite> <!-- org.orangeHrm.test.LoginTest -->
